<?xml version="1.0" encoding="UTF-8"?>
<!-- Generated by org.testng.reporters.JUnitXMLReporter -->
<testsuite ignored="2" hostname="BIKRAM-PC" failures="0" tests="1" name="Default test" time="12.214" errors="0" timestamp="03 Jun 2021 17:49:34 GMT">
  <testcase classname="com.orangehrm.test.LoginTest" name="login" time="5.027"/>
  <testcase classname="com.orangehrm.test.LoginTest" name="invalid_pass" time="0.0">
    <ignored/>
  </testcase> <!-- invalid_pass -->
  <testcase classname="com.orangehrm.test.LoginTest" name="login_invalid_text" time="0.0">
    <ignored/>
  </testcase> <!-- login_invalid_text -->
</testsuite> <!-- Default test -->
