<?xml version="1.0" encoding="UTF-8"?>
<testng-results ignored="2" total="3" passed="1" failed="0" skipped="0">
  <reporter-output>
  </reporter-output>
  <suite started-at="2021-06-03T17:49:22Z" name="Default suite" finished-at="2021-06-03T17:49:34Z" duration-ms="12214">
    <groups>
      <group name="smoke">
        <method signature="LoginTest.login()[pri:1, instance:com.orangehrm.test.LoginTest@124c278f]" name="login" class="com.orangehrm.test.LoginTest"/>
      </group> <!-- smoke -->
    </groups>
    <test started-at="2021-06-03T17:49:22Z" name="Default test" finished-at="2021-06-03T17:49:34Z" duration-ms="12214">
      <class name="com.orangehrm.test.LoginTest">
        <test-method is-config="true" signature="open_browser()[pri:0, instance:com.orangehrm.test.LoginTest@124c278f]" started-at="2021-06-03T17:49:22Z" name="open_browser" finished-at="2021-06-03T17:49:29Z" duration-ms="7058" status="PASS">
          <reporter-output>
          </reporter-output>
        </test-method> <!-- open_browser -->
        <test-method signature="login()[pri:1, instance:com.orangehrm.test.LoginTest@124c278f]" started-at="2021-06-03T17:49:29Z" name="login" description="This one will check wheather the application can login or not with correct user name and password" finished-at="2021-06-03T17:49:34Z" duration-ms="5027" status="PASS">
          <reporter-output>
          </reporter-output>
        </test-method> <!-- login -->
        <test-method is-config="true" signature="closeBrowaser()[pri:0, instance:com.orangehrm.test.LoginTest@124c278f]" started-at="2021-06-03T17:49:34Z" name="closeBrowaser" finished-at="2021-06-03T17:49:34Z" duration-ms="105" status="PASS">
          <reporter-output>
          </reporter-output>
        </test-method> <!-- closeBrowaser -->
      </class> <!-- com.orangehrm.test.LoginTest -->
    </test> <!-- Default test -->
  </suite> <!-- Default suite -->
</testng-results>
